<?xml version='1.0' encoding='UTF-8'?>
<testsuite hostname="CAGMAW152850" name="services.FetchUserProfileServiceTest" tests="1" errors="0" failures="0" skipped="0" time="0.718">
                     <properties>
[...]
</properties>
                     <testcase classname="services.FetchUserProfileServiceTest" name="testFetchTweetsfromAPI" time="0.718">
                                                 
                                               </testcase>
                     <system-out><![CDATA[]]></system-out>
                     <system-err><![CDATA[]]></system-err>
                   </testsuite>